This is pdfTeX, Version 3.14159265-2.6-1.40.19 (TeX Live 2018) (preloaded format=pdflatex 2018.4.16)  24 MAY 2019 16:42
entering extended mode
 restricted \write18 enabled.
 %&-line parsing enabled.
**"Catalyst Technical Paper.tex"
(./Catalyst Technical Paper.tex
LaTeX2e <2018-04-01> patch level 2
Babel <3.18> and hyphenation patterns for 84 language(s) loaded.
(/usr/local/texlive/2018/texmf-dist/tex/latex/base/book.cls
Document Class: book 2014/09/29 v1.4h Standard LaTeX document class
(/usr/local/texlive/2018/texmf-dist/tex/latex/base/bk12.clo
File: bk12.clo 2014/09/29 v1.4h Standard LaTeX file (size option)
)
\c@part=\count80
\c@chapter=\count81
\c@section=\count82
\c@subsection=\count83
\c@subsubsection=\count84
\c@paragraph=\count85
\c@subparagraph=\count86
\c@figure=\count87
\c@table=\count88
\abovecaptionskip=\skip41
\belowcaptionskip=\skip42
\bibindent=\dimen102
)
(/usr/local/texlive/2018/texmf-dist/tex/latex/amsmath/amsmath.sty
Package: amsmath 2017/09/02 v2.17a AMS math features
\@mathmargin=\skip43

For additional information on amsmath, use the `?' option.
(/usr/local/texlive/2018/texmf-dist/tex/latex/amsmath/amstext.sty
Package: amstext 2000/06/29 v2.01 AMS text

(/usr/local/texlive/2018/texmf-dist/tex/latex/amsmath/amsgen.sty
File: amsgen.sty 1999/11/30 v2.0 generic functions
\@emptytoks=\toks14
\ex@=\dimen103
))
(/usr/local/texlive/2018/texmf-dist/tex/latex/amsmath/amsbsy.sty
Package: amsbsy 1999/11/29 v1.2d Bold Symbols
\pmbraise@=\dimen104
)
(/usr/local/texlive/2018/texmf-dist/tex/latex/amsmath/amsopn.sty
Package: amsopn 2016/03/08 v2.02 operator names
)
\inf@bad=\count89
LaTeX Info: Redefining \frac on input line 213.
\uproot@=\count90
\leftroot@=\count91
LaTeX Info: Redefining \overline on input line 375.
\classnum@=\count92
\DOTSCASE@=\count93
LaTeX Info: Redefining \ldots on input line 472.
LaTeX Info: Redefining \dots on input line 475.
LaTeX Info: Redefining \cdots on input line 596.
\Mathstrutbox@=\box26
\strutbox@=\box27
\big@size=\dimen105
LaTeX Font Info:    Redeclaring font encoding OML on input line 712.
LaTeX Font Info:    Redeclaring font encoding OMS on input line 713.
\macc@depth=\count94
\c@MaxMatrixCols=\count95
\dotsspace@=\muskip10
\c@parentequation=\count96
\dspbrk@lvl=\count97
\tag@help=\toks15
\row@=\count98
\column@=\count99
\maxfields@=\count100
\andhelp@=\toks16
\eqnshift@=\dimen106
\alignsep@=\dimen107
\tagshift@=\dimen108
\tagwidth@=\dimen109
\totwidth@=\dimen110
\lineht@=\dimen111
\@envbody=\toks17
\multlinegap=\skip44
\multlinetaggap=\skip45
\mathdisplay@stack=\toks18
LaTeX Info: Redefining \[ on input line 2817.
LaTeX Info: Redefining \] on input line 2818.
)
(/usr/local/texlive/2018/texmf-dist/tex/latex/amsfonts/amsfonts.sty
Package: amsfonts 2013/01/14 v3.01 Basic AMSFonts support
\symAMSa=\mathgroup4
\symAMSb=\mathgroup5
LaTeX Font Info:    Overwriting math alphabet `\mathfrak' in version `bold'
(Font)                  U/euf/m/n --> U/euf/b/n on input line 106.
)
(/usr/local/texlive/2018/texmf-dist/tex/latex/amsfonts/amssymb.sty
Package: amssymb 2013/01/14 v3.01 AMS font symbols
)
(/usr/local/texlive/2018/texmf-dist/tex/latex/oberdiek/centernot.sty
Package: centernot 2016/05/16 v1.4 Centers the not symbol horizontally (HO)
)
(/usr/local/texlive/2018/texmf-dist/tex/latex/tools/verbatim.sty
Package: verbatim 2014/10/28 v1.5q LaTeX2e package for verbatim enhancements
\every@verbatim=\toks19
\verbatim@line=\toks20
\verbatim@in@stream=\read1
)
(/usr/local/texlive/2018/texmf-dist/tex/latex/graphics/graphicx.sty
Package: graphicx 2017/06/01 v1.1a Enhanced LaTeX Graphics (DPC,SPQR)

(/usr/local/texlive/2018/texmf-dist/tex/latex/graphics/keyval.sty
Package: keyval 2014/10/28 v1.15 key=value parser (DPC)
\KV@toks@=\toks21
)
(/usr/local/texlive/2018/texmf-dist/tex/latex/graphics/graphics.sty
Package: graphics 2017/06/25 v1.2c Standard LaTeX Graphics (DPC,SPQR)

(/usr/local/texlive/2018/texmf-dist/tex/latex/graphics/trig.sty
Package: trig 2016/01/03 v1.10 sin cos tan (DPC)
)
(/usr/local/texlive/2018/texmf-dist/tex/latex/graphics-cfg/graphics.cfg
File: graphics.cfg 2016/06/04 v1.11 sample graphics configuration
)
Package graphics Info: Driver file: pdftex.def on input line 99.

(/usr/local/texlive/2018/texmf-dist/tex/latex/graphics-def/pdftex.def
File: pdftex.def 2018/01/08 v1.0l Graphics/color driver for pdftex
))
\Gin@req@height=\dimen112
\Gin@req@width=\dimen113
)
(/usr/local/texlive/2018/texmf-dist/tex/latex/hyperref/hyperref.sty
Package: hyperref 2018/02/06 v6.86b Hypertext links for LaTeX

(/usr/local/texlive/2018/texmf-dist/tex/generic/oberdiek/hobsub-hyperref.sty
Package: hobsub-hyperref 2016/05/16 v1.14 Bundle oberdiek, subset hyperref (HO)


(/usr/local/texlive/2018/texmf-dist/tex/generic/oberdiek/hobsub-generic.sty
Package: hobsub-generic 2016/05/16 v1.14 Bundle oberdiek, subset generic (HO)
Package: hobsub 2016/05/16 v1.14 Construct package bundles (HO)
Package: infwarerr 2016/05/16 v1.4 Providing info/warning/error messages (HO)
Package: ltxcmds 2016/05/16 v1.23 LaTeX kernel commands for general use (HO)
Package: ifluatex 2016/05/16 v1.4 Provides the ifluatex switch (HO)
Package ifluatex Info: LuaTeX not detected.
Package: ifvtex 2016/05/16 v1.6 Detect VTeX and its facilities (HO)
Package ifvtex Info: VTeX not detected.
Package: intcalc 2016/05/16 v1.2 Expandable calculations with integers (HO)
Package: ifpdf 2017/03/15 v3.2 Provides the ifpdf switch
Package: etexcmds 2016/05/16 v1.6 Avoid name clashes with e-TeX commands (HO)
Package etexcmds Info: Could not find \expanded.
(etexcmds)             That can mean that you are not using pdfTeX 1.50 or
(etexcmds)             that some package has redefined \expanded.
(etexcmds)             In the latter case, load this package earlier.
Package: kvsetkeys 2016/05/16 v1.17 Key value parser (HO)
Package: kvdefinekeys 2016/05/16 v1.4 Define keys (HO)
Package: pdftexcmds 2018/01/30 v0.27 Utility functions of pdfTeX for LuaTeX (HO
)
Package pdftexcmds Info: LuaTeX not detected.
Package pdftexcmds Info: \pdf@primitive is available.
Package pdftexcmds Info: \pdf@ifprimitive is available.
Package pdftexcmds Info: \pdfdraftmode found.
Package: pdfescape 2016/05/16 v1.14 Implements pdfTeX's escape features (HO)
Package: bigintcalc 2016/05/16 v1.4 Expandable calculations on big integers (HO
)
Package: bitset 2016/05/16 v1.2 Handle bit-vector datatype (HO)
Package: uniquecounter 2016/05/16 v1.3 Provide unlimited unique counter (HO)
)
Package hobsub Info: Skipping package `hobsub' (already loaded).
Package: letltxmacro 2016/05/16 v1.5 Let assignment for LaTeX macros (HO)
Package: hopatch 2016/05/16 v1.3 Wrapper for package hooks (HO)
Package: xcolor-patch 2016/05/16 xcolor patch
Package: atveryend 2016/05/16 v1.9 Hooks at the very end of document (HO)
Package atveryend Info: \enddocument detected (standard20110627).
Package: atbegshi 2016/06/09 v1.18 At begin shipout hook (HO)
Package: refcount 2016/05/16 v3.5 Data extraction from label references (HO)
Package: hycolor 2016/05/16 v1.8 Color options for hyperref/bookmark (HO)
)
(/usr/local/texlive/2018/texmf-dist/tex/generic/ifxetex/ifxetex.sty
Package: ifxetex 2010/09/12 v0.6 Provides ifxetex conditional
)
(/usr/local/texlive/2018/texmf-dist/tex/latex/oberdiek/auxhook.sty
Package: auxhook 2016/05/16 v1.4 Hooks for auxiliary files (HO)
)
(/usr/local/texlive/2018/texmf-dist/tex/latex/oberdiek/kvoptions.sty
Package: kvoptions 2016/05/16 v3.12 Key value format for package options (HO)
)
\@linkdim=\dimen114
\Hy@linkcounter=\count101
\Hy@pagecounter=\count102

(/usr/local/texlive/2018/texmf-dist/tex/latex/hyperref/pd1enc.def
File: pd1enc.def 2018/02/06 v6.86b Hyperref: PDFDocEncoding definition (HO)
Now handling font encoding PD1 ...
... no UTF-8 mapping file for font encoding PD1
)
\Hy@SavedSpaceFactor=\count103

(/usr/local/texlive/2018/texmf-dist/tex/latex/latexconfig/hyperref.cfg
File: hyperref.cfg 2002/06/06 v1.2 hyperref configuration of TeXLive
)
Package hyperref Info: Option `colorlinks' set `true' on input line 4383.
Package hyperref Info: Hyper figures OFF on input line 4509.
Package hyperref Info: Link nesting OFF on input line 4514.
Package hyperref Info: Hyper index ON on input line 4517.
Package hyperref Info: Plain pages OFF on input line 4524.
Package hyperref Info: Backreferencing OFF on input line 4529.
Package hyperref Info: Implicit mode ON; LaTeX internals redefined.
Package hyperref Info: Bookmarks ON on input line 4762.
\c@Hy@tempcnt=\count104

(/usr/local/texlive/2018/texmf-dist/tex/latex/url/url.sty
\Urlmuskip=\muskip11
Package: url 2013/09/16  ver 3.4  Verb mode for urls, etc.
)
LaTeX Info: Redefining \url on input line 5115.
\XeTeXLinkMargin=\dimen115
\Fld@menulength=\count105
\Field@Width=\dimen116
\Fld@charsize=\dimen117
Package hyperref Info: Hyper figures OFF on input line 6369.
Package hyperref Info: Link nesting OFF on input line 6374.
Package hyperref Info: Hyper index ON on input line 6377.
Package hyperref Info: backreferencing OFF on input line 6384.
Package hyperref Info: Link coloring ON on input line 6387.
Package hyperref Info: Link coloring with OCG OFF on input line 6394.
Package hyperref Info: PDF/A mode OFF on input line 6399.
LaTeX Info: Redefining \ref on input line 6439.
LaTeX Info: Redefining \pageref on input line 6443.
\Hy@abspage=\count106
\c@Item=\count107
\c@Hfootnote=\count108
)
Package hyperref Info: Driver (autodetected): hpdftex.

(/usr/local/texlive/2018/texmf-dist/tex/latex/hyperref/hpdftex.def
File: hpdftex.def 2018/02/06 v6.86b Hyperref driver for pdfTeX
\Fld@listcount=\count109
\c@bookmark@seq@number=\count110

(/usr/local/texlive/2018/texmf-dist/tex/latex/oberdiek/rerunfilecheck.sty
Package: rerunfilecheck 2016/05/16 v1.8 Rerun checks for auxiliary files (HO)
Package uniquecounter Info: New unique counter `rerunfilecheck' on input line 2
82.
)
\Hy@SectionHShift=\skip46
)
(/usr/local/texlive/2018/texmf-dist/tex/latex/caption/caption.sty
Package: caption 2016/02/21 v3.3-144 Customizing captions (AR)

(/usr/local/texlive/2018/texmf-dist/tex/latex/caption/caption3.sty
Package: caption3 2016/05/22 v1.7-166 caption3 kernel (AR)
Package caption3 Info: TeX engine: e-TeX on input line 67.
\captionmargin=\dimen118
\captionmargin@=\dimen119
\captionwidth=\dimen120
\caption@tempdima=\dimen121
\caption@indent=\dimen122
\caption@parindent=\dimen123
\caption@hangindent=\dimen124
)
\c@ContinuedFloat=\count111
Package caption Info: hyperref package is loaded.
)
(/usr/local/texlive/2018/texmf-dist/tex/latex/caption/subcaption.sty
Package: subcaption 2016/05/22 v1.1-161 Sub-captions (AR)
\c@subfigure=\count112
\c@subtable=\count113
)
(/usr/local/texlive/2018/texmf-dist/tex/latex/titlesec/titlesec.sty
Package: titlesec 2016/03/21 v2.10.2 Sectioning titles
\ttl@box=\box28
\beforetitleunit=\skip47
\aftertitleunit=\skip48
\ttl@plus=\dimen125
\ttl@minus=\dimen126
\ttl@toksa=\toks22
\titlewidth=\dimen127
\titlewidthlast=\dimen128
\titlewidthfirst=\dimen129
)
(/usr/local/texlive/2018/texmf-dist/tex/latex/float/float.sty
Package: float 2001/11/08 v1.3d Float enhancements (AL)
\c@float@type=\count114
\float@exts=\toks23
\float@box=\box29
\@float@everytoks=\toks24
\@floatcapt=\box30
)
(/usr/local/texlive/2018/texmf-dist/tex/latex/wrapfig/wrapfig.sty
\wrapoverhang=\dimen130
\WF@size=\dimen131
\c@WF@wrappedlines=\count115
\WF@box=\box31
\WF@everypar=\toks25
Package: wrapfig 2003/01/31  v 3.6
)
(/usr/local/texlive/2018/texmf-dist/tex/latex/graphics/lscape.sty
Package: lscape 2000/10/22 v3.01 Landscape Pages (DPC)
)
(/usr/local/texlive/2018/texmf-dist/tex/latex/graphics/rotating.sty
Package: rotating 2016/08/11 v2.16d rotated objects in LaTeX

(/usr/local/texlive/2018/texmf-dist/tex/latex/base/ifthen.sty
Package: ifthen 2014/09/29 v1.1c Standard LaTeX ifthen package (DPC)
)
\c@r@tfl@t=\count116
\rotFPtop=\skip49
\rotFPbot=\skip50
\rot@float@box=\box32
\rot@mess@toks=\toks26
)
(/usr/local/texlive/2018/texmf-dist/tex/latex/oberdiek/epstopdf.sty
Package: epstopdf 2016/05/15 v2.6 Conversion with epstopdf on the fly (HO)

(/usr/local/texlive/2018/texmf-dist/tex/latex/oberdiek/epstopdf-base.sty
Package: epstopdf-base 2016/05/15 v2.6 Base part for package epstopdf

(/usr/local/texlive/2018/texmf-dist/tex/latex/oberdiek/grfext.sty
Package: grfext 2016/05/16 v1.2 Manage graphics extensions (HO)
)
Package epstopdf-base Info: Redefining graphics rule for `.eps' on input line 4
38.
Package grfext Info: Graphics extension search list:
(grfext)             [.pdf,.png,.jpg,.mps,.jpeg,.jbig2,.jb2,.PDF,.PNG,.JPG,.JPE
G,.JBIG2,.JB2,.eps]
(grfext)             \AppendGraphicsExtensions on input line 456.

(/usr/local/texlive/2018/texmf-dist/tex/latex/latexconfig/epstopdf-sys.cfg
File: epstopdf-sys.cfg 2010/07/13 v1.3 Configuration of (r)epstopdf for TeX Liv
e
)))
(/usr/local/texlive/2018/texmf-dist/tex/latex/oberdiek/pdflscape.sty
Package: pdflscape 2016/05/14 v0.11 Display of landscape pages in PDF (HO)
Package pdflscape Info: Auto-detected driver: pdftex on input line 81.
)
(/usr/local/texlive/2018/texmf-dist/tex/latex/geometry/geometry.sty
Package: geometry 2018/03/24 v5.7 Page Geometry
\Gm@cnth=\count117
\Gm@cntv=\count118
\c@Gm@tempcnt=\count119
\Gm@bindingoffset=\dimen132
\Gm@wd@mp=\dimen133
\Gm@odd@mp=\dimen134
\Gm@even@mp=\dimen135
\Gm@layoutwidth=\dimen136
\Gm@layoutheight=\dimen137
\Gm@layouthoffset=\dimen138
\Gm@layoutvoffset=\dimen139
\Gm@dimlist=\toks27
)
(/usr/local/texlive/2018/texmf-dist/tex/latex/tools/array.sty
Package: array 2018/04/07 v2.4g Tabular extension package (FMi)
\col@sep=\dimen140
\ar@mcellbox=\box33
\extrarowheight=\dimen141
\NC@list=\toks28
\extratabsurround=\skip51
\backup@length=\skip52
\ar@cellbox=\box34
)
(/usr/local/texlive/2018/texmf-dist/tex/latex/multirow/multirow.sty
Package: multirow 2016/11/25 v2.2 Span multiple rows of a table
\multirow@colwidth=\skip53
\multirow@cntb=\count120
\multirow@dima=\skip54
\bigstrutjot=\dimen142
)
(/usr/local/texlive/2018/texmf-dist/tex/latex/tools/multicol.sty
Package: multicol 2018/04/01 v1.8r multicolumn formatting (FMi)
\c@tracingmulticols=\count121
\mult@box=\box35
\multicol@leftmargin=\dimen143
\c@unbalance=\count122
\c@collectmore=\count123
\doublecol@number=\count124
\multicoltolerance=\count125
\multicolpretolerance=\count126
\full@width=\dimen144
\page@free=\dimen145
\premulticols=\dimen146
\postmulticols=\dimen147
\multicolsep=\skip55
\multicolbaselineskip=\skip56
\partial@page=\box36
\last@line=\box37
\maxbalancingoverflow=\dimen148
\mult@rightbox=\box38
\mult@grightbox=\box39
\mult@gfirstbox=\box40
\mult@firstbox=\box41
\@tempa=\box42
\@tempa=\box43
\@tempa=\box44
\@tempa=\box45
\@tempa=\box46
\@tempa=\box47
\@tempa=\box48
\@tempa=\box49
\@tempa=\box50
\@tempa=\box51
\@tempa=\box52
\@tempa=\box53
\@tempa=\box54
\@tempa=\box55
\@tempa=\box56
\@tempa=\box57
\@tempa=\box58
\c@columnbadness=\count127
\c@finalcolumnbadness=\count128
\last@try=\dimen149
\multicolovershoot=\dimen150
\multicolundershoot=\dimen151
\mult@nat@firstbox=\box59
\colbreak@box=\box60
\mc@col@check@num=\count129
)
(/usr/local/texlive/2018/texmf-dist/tex/latex/xcolor/xcolor.sty
Package: xcolor 2016/05/11 v2.12 LaTeX color extensions (UK)

(/usr/local/texlive/2018/texmf-dist/tex/latex/graphics-cfg/color.cfg
File: color.cfg 2016/01/02 v1.6 sample color configuration
)
Package xcolor Info: Driver file: pdftex.def on input line 225.
Package xcolor Info: Model `cmy' substituted by `cmy0' on input line 1348.
Package xcolor Info: Model `hsb' substituted by `rgb' on input line 1352.
Package xcolor Info: Model `RGB' extended on input line 1364.
Package xcolor Info: Model `HTML' substituted by `rgb' on input line 1366.
Package xcolor Info: Model `Hsb' substituted by `hsb' on input line 1367.
Package xcolor Info: Model `tHsb' substituted by `hsb' on input line 1368.
Package xcolor Info: Model `HSB' substituted by `hsb' on input line 1369.
Package xcolor Info: Model `Gray' substituted by `gray' on input line 1370.
Package xcolor Info: Model `wave' substituted by `hsb' on input line 1371.

(/usr/local/texlive/2018/texmf-dist/tex/latex/graphics/dvipsnam.def
File: dvipsnam.def 2016/06/17 v3.0m Driver-dependent file (DPC,SPQR)
))
(./Catalyst Technical Paper.aux

LaTeX Warning: Label `fig:db' multiply defined.


LaTeX Warning: Label `fig:LLSU' multiply defined.


LaTeX Warning: Label `fig:computation' multiply defined.


LaTeX Warning: Label `fig:Vot' multiply defined.

)
\openout1 = `"Catalyst Technical Paper.aux"'.

LaTeX Font Info:    Checking defaults for OML/cmm/m/it on input line 28.
LaTeX Font Info:    ... okay on input line 28.
LaTeX Font Info:    Checking defaults for T1/cmr/m/n on input line 28.
LaTeX Font Info:    ... okay on input line 28.
LaTeX Font Info:    Checking defaults for OT1/cmr/m/n on input line 28.
LaTeX Font Info:    ... okay on input line 28.
LaTeX Font Info:    Checking defaults for OMS/cmsy/m/n on input line 28.
LaTeX Font Info:    ... okay on input line 28.
LaTeX Font Info:    Checking defaults for OMX/cmex/m/n on input line 28.
LaTeX Font Info:    ... okay on input line 28.
LaTeX Font Info:    Checking defaults for U/cmr/m/n on input line 28.
LaTeX Font Info:    ... okay on input line 28.
LaTeX Font Info:    Checking defaults for PD1/pdf/m/n on input line 28.
LaTeX Font Info:    ... okay on input line 28.
 (/usr/local/texlive/2018/texmf-dist/tex/context/base/mkii/supp-pdf.mkii
[Loading MPS to PDF converter (version 2006.09.02).]
\scratchcounter=\count130
\scratchdimen=\dimen152
\scratchbox=\box61
\nofMPsegments=\count131
\nofMParguments=\count132
\everyMPshowfont=\toks29
\MPscratchCnt=\count133
\MPscratchDim=\dimen153
\MPnumerator=\count134
\makeMPintoPDFobject=\count135
\everyMPtoPDFconversion=\toks30
)
\AtBeginShipoutBox=\box62
Package hyperref Info: Link coloring ON on input line 28.
 (/usr/local/texlive/2018/texmf-dist/tex/latex/hyperref/nameref.sty
Package: nameref 2016/05/21 v2.44 Cross-referencing by name of section

(/usr/local/texlive/2018/texmf-dist/tex/generic/oberdiek/gettitlestring.sty
Package: gettitlestring 2016/05/16 v1.5 Cleanup title references (HO)
)
\c@section@level=\count136
)
LaTeX Info: Redefining \ref on input line 28.
LaTeX Info: Redefining \pageref on input line 28.
LaTeX Info: Redefining \nameref on input line 28.

(./Catalyst Technical Paper.out) (./Catalyst Technical Paper.out)
\@outlinefile=\write3
\openout3 = `"Catalyst Technical Paper.out"'.

Package caption Info: Begin \AtBeginDocument code.
Package caption Info: float package is loaded.
Package caption Info: rotating package is loaded.
Package caption Info: wrapfig package is loaded.
Package caption Info: End \AtBeginDocument code.

*geometry* driver: auto-detecting
*geometry* detected driver: pdftex
*geometry* verbose mode - [ preamble ] result:
* driver: pdftex
* paper: a4paper
* layout: <same size as paper>
* layoutoffset:(h,v)=(0.0pt,0.0pt)
* modes: twoside 
* h-part:(L,W,R)=(57.81621pt, 481.87546pt, 57.81621pt)
* v-part:(T,H,B)=(57.81621pt, 729.41443pt, 57.81621pt)
* \paperwidth=597.50787pt
* \paperheight=845.04684pt
* \textwidth=481.87546pt
* \textheight=729.41443pt
* \oddsidemargin=-14.45378pt
* \evensidemargin=-14.45378pt
* \topmargin=-46.32758pt
* \headheight=12.0pt
* \headsep=19.8738pt
* \topskip=12.0pt
* \footskip=30.0pt
* \marginparwidth=88.0pt
* \marginparsep=7.0pt
* \columnsep=10.0pt
* \skip\footins=10.8pt plus 4.0pt minus 2.0pt
* \hoffset=0.0pt
* \voffset=0.0pt
* \mag=1000
* \@twocolumnfalse
* \@twosidetrue
* \@mparswitchtrue
* \@reversemarginfalse
* (1in=72.27pt=25.4mm, 1cm=28.453pt)

LaTeX Font Info:    Try loading font information for U+msa on input line 35.
(/usr/local/texlive/2018/texmf-dist/tex/latex/amsfonts/umsa.fd
File: umsa.fd 2013/01/14 v3.01 AMS symbols A
)
LaTeX Font Info:    Try loading font information for U+msb on input line 35.

(/usr/local/texlive/2018/texmf-dist/tex/latex/amsfonts/umsb.fd
File: umsb.fd 2013/01/14 v3.01 AMS symbols B
) [1


{/usr/local/texlive/2018/texmf-var/fonts/map/pdftex/updmap/pdftex.map}] [2

]
(./Catalyst Technical Paper.toc [3])
\tf@toc=\write4
\openout4 = `"Catalyst Technical Paper.toc"'.

 [4]
(./Paper_Tex_Files/Glossary/Glossary.tex
Underfull \hbox (badness 10000) in paragraph at lines 1--2

 []


Underfull \hbox (badness 10000) in paragraph at lines 3--4

 []


Underfull \hbox (badness 10000) in paragraph at lines 5--6

 []


Underfull \hbox (badness 10000) in paragraph at lines 7--8

 []


Underfull \hbox (badness 10000) in paragraph at lines 9--10

 []


Underfull \hbox (badness 10000) in paragraph at lines 11--12

 []


Underfull \hbox (badness 10000) in paragraph at lines 13--14

 []


Underfull \hbox (badness 10000) in paragraph at lines 15--16

 []


Underfull \hbox (badness 10000) in paragraph at lines 17--18

 []


Underfull \hbox (badness 10000) in paragraph at lines 19--20

 []

[5

]
Underfull \hbox (badness 10000) in paragraph at lines 21--22

 []


Underfull \hbox (badness 10000) in paragraph at lines 23--24

 []


Underfull \hbox (badness 10000) in paragraph at lines 25--26

 []


Underfull \hbox (badness 10000) in paragraph at lines 27--28

 []


Underfull \hbox (badness 10000) in paragraph at lines 29--30

 []


Underfull \hbox (badness 10000) in paragraph at lines 31--32

 []


Underfull \hbox (badness 10000) in paragraph at lines 33--34

 []


Underfull \hbox (badness 10000) in paragraph at lines 35--36

 []


Underfull \hbox (badness 10000) in paragraph at lines 37--38

 []


Underfull \hbox (badness 10000) in paragraph at lines 39--40

 []

)
Underfull \hbox (badness 10000) in paragraph at lines 41--45

 []

[6] (./Paper_Tex_Files/Introduction/Introduction.tex
LaTeX Font Info:    Try loading font information for OMS+cmr on input line 4.

(/usr/local/texlive/2018/texmf-dist/tex/latex/base/omscmr.fd
File: omscmr.fd 2014/09/29 v2.5h Standard LaTeX font definitions
)
LaTeX Font Info:    Font shape `OMS/cmr/m/n' in size <12> not available
(Font)              Font shape `OMS/cmsy/m/n' tried instead on input line 4.
) [7

] [8

]
Chapter 1.
(./Paper_Tex_Files/Technical_Specification/Technical_Specification.tex
Underfull \hbox (badness 10000) in paragraph at lines 1--2

 []


Underfull \hbox (badness 10000) in paragraph at lines 3--4

 []


Underfull \hbox (badness 10000) in paragraph at lines 5--6

 []

) (./Paper_Tex_Files/Technical_Specification/Elliptic_Curve/Elliptic_Curve.tex
Underfull \hbox (badness 10000) in paragraph at lines 1--2

 []


Underfull \vbox (badness 10000) has occurred while \output is active []

 [9]
Underfull \hbox (badness 10000) in paragraph at lines 3--4

 []


Underfull \hbox (badness 10000) in paragraph at lines 16--17

 []

)
Underfull \hbox (badness 10000) in paragraph at lines 18--64

 []


(./Paper_Tex_Files/Technical_Specification/Hashing_Algorithm/Hashing_Algorithm.
tex
Underfull \hbox (badness 10000) in paragraph at lines 1--2

 []

[10]) (./Paper_Tex_Files/Technical_Specification/ZK_Proofs/ZK_Proofs.tex
Underfull \hbox (badness 10000) in paragraph at lines 1--2

 []


Underfull \hbox (badness 10000) in paragraph at lines 3--4

 []


Underfull \hbox (badness 10000) in paragraph at lines 9--10

 []


Underfull \hbox (badness 10000) in paragraph at lines 12--13

 []


Underfull \hbox (badness 10000) in paragraph at lines 14--15

 []

[11]
Underfull \hbox (badness 10000) in paragraph at lines 16--17

 []

) (./Paper_Tex_Files/Technical_Specification/Tokens/Tokens.tex
Underfull \hbox (badness 10000) in paragraph at lines 1--2

 []


Underfull \hbox (badness 10000) in paragraph at lines 3--4

 []


Underfull \hbox (badness 10000) in paragraph at lines 5--6

 []

) [12] [13] [14

]
Chapter 2.
(./Paper_Tex_Files/Catalyst_Network/Catalyst_Network.tex)
(./Paper_Tex_Files/Catalyst_Network/Peer_Identification/Peer_Identification.tex

LaTeX Warning: Reference `Sec:Syb' on page 15 undefined on input line 11.


Underfull \hbox (badness 10000) in paragraph at lines 11--12

 []


Underfull \hbox (badness 10000) in paragraph at lines 13--14

 []

[15]) (./Paper_Tex_Files/Catalyst_Network/Peer_Messaging/Peer_Messaging.tex)
(./Paper_Tex_Files/Catalyst_Network/Gossip_Protocol/Gossip_Protocol.tex)
(./Paper_Tex_Files/Catalyst_Network/Node_Roles/Node_Roles.tex
Underfull \hbox (badness 10000) in paragraph at lines 17--18

 []


LaTeX Warning: Reference `se' on page 16 undefined on input line 19.

) [16]
(./Paper_Tex_Files/Catalyst_Network/Node_Role_Assignment/Node_Role_Assignment.t
ex
Underfull \hbox (badness 10000) in paragraph at lines 2--3

 []


Underfull \hbox (badness 10000) in paragraph at lines 5--7

 []


Underfull \hbox (badness 10000) in paragraph at lines 9--11

 []


Underfull \hbox (badness 10000) in paragraph at lines 12--13

 []

[17] [18]
<Figures/Work_Queue_Management.png, id=324, 1138.0116pt x 832.0686pt>
File: Figures/Work_Queue_Management.png Graphic file (type png)
<use Figures/Work_Queue_Management.png>
Package pdftex.def Info: Figures/Work_Queue_Management.png  used on input line 
20.
(pdftex.def)             Requested size: 625.96042pt x 457.67723pt.
 [19 <./Figures/Work_Queue_Management.png>]) [20



]
Chapter 3.
(./Paper_Tex_Files/Catalyst_Distributed_Ledger/Catalyst_Distributed_Ledger.tex)

(./Paper_Tex_Files/Catalyst_Distributed_Ledger/Ledger_Database_Architecture/Led
ger_Database_Architecture.tex
<Figures/Catalyst_Database.png, id=338, 1174.1466pt x 787.743pt>
File: Figures/Catalyst_Database.png Graphic file (type png)
<use Figures/Catalyst_Database.png>
Package pdftex.def Info: Figures/Catalyst_Database.png  used on input line 5.
(pdftex.def)             Requested size: 312.9803pt x 209.97693pt.

Underfull \hbox (badness 10000) in paragraph at lines 9--10

 []


Underfull \hbox (badness 10000) in paragraph at lines 11--12

 []

[21 <./Figures/Catalyst_Database.png>])
(./Paper_Tex_Files/Catalyst_Distributed_Ledger/Accounts_Catalyst/Accounts_Catal
yst.tex)
Underfull \hbox (badness 10000) in paragraph at lines 17--117

 []


(./Paper_Tex_Files/Catalyst_Distributed_Ledger/Ledger_Current_State_DFS/Ledger_
Current_State_DFS.tex
Underfull \hbox (badness 10000) in paragraph at lines 1--2

 []


Underfull \hbox (badness 10000) in paragraph at lines 3--4

 []

[22]
Underfull \hbox (badness 10000) in paragraph at lines 5--6

 []


Underfull \hbox (badness 10000) in paragraph at lines 7--8

 []


Underfull \hbox (badness 10000) in paragraph at lines 16--17

 []


Underfull \hbox (badness 10000) in paragraph at lines 18--19

 []

[23]
Underfull \hbox (badness 10000) in paragraph at lines 20--21

 []

) [24]
Chapter 4.
(./Paper_Tex_Files/Transactions/Transactions.tex)
(./Paper_Tex_Files/Transactions/Types/Types.tex)
(./Paper_Tex_Files/Transactions/Structure/Structure.tex
Underfull \hbox (badness 10000) in paragraph at lines 1--2

 []

[25

]) (./Paper_Tex_Files/Transactions/Entries/Entries.tex
Underfull \hbox (badness 10000) in paragraph at lines 1--2

 []

[26]
Underfull \hbox (badness 10000) in paragraph at lines 14--16

 []

) (./Paper_Tex_Files/Transactions/Signature/Signature.tex
Underfull \hbox (badness 10000) in paragraph at lines 1--2

 []


Underfull \hbox (badness 10000) in paragraph at lines 3--4

 []

[27]
Underfull \hbox (badness 10000) in paragraph at lines 5--6

 []


Underfull \hbox (badness 10000) in paragraph at lines 7--8

 []


Overfull \hbox (2.2133pt too wide) in paragraph at lines 29--30
[]$\OML/cmm/m/it/12 L$ \OT1/cmr/m/n/12 is the hash of all the pub-lic keys used
 in the trans-ac-tion ex-pressed as $\OML/cmm/m/it/12 L \OT1/cmr/m/n/12 = \OMS/
cmsy/m/n/12 H\OT1/cmr/m/n/12 (\OML/cmm/m/it/12 Q[] []\OMS/cmsy/m/n/12 jj []\OML
/cmm/m/it/12 :: []\OMS/cmsy/m/n/12 jj []\OML/cmm/m/it/12 Q[]\OT1/cmr/m/n/12 )$ 

 []


Underfull \hbox (badness 10000) in paragraph at lines 45--46

 []

[28]
Underfull \hbox (badness 10000) in paragraph at lines 61--62

 []

) (./Paper_Tex_Files/Transactions/Validity/Validity.tex
Overfull \hbox (13.5919pt too wide) in paragraph at lines 8--9
[]\OT1/cmr/m/n/12 The trans-ac-tion size in bytes is less than 1 Mbyte (de-fine
d by the pa-ram-e-ter MAX[]STD[]SIZE
 []

[29]
Overfull \hbox (12.47395pt too wide) in paragraph at lines 22--23
[]\OT1/cmr/m/n/12 The trans-ac-tion fee amount $\OML/cmm/m/it/12 v[]$ \OT1/cmr/
m/n/12 is greater than a (pos-i-tive) min-i-mum fee val-ues MIN[]TX[]FEE 
 []

)
Underfull \hbox (badness 10000) in paragraph at lines 27--150

 []

[30]
Chapter 5.
(./Paper_Tex_Files/Consensus_Mechanism/Consensus_Mechanism.tex
Underfull \hbox (badness 10000) in paragraph at lines 1--2

 []


Underfull \hbox (badness 10000) in paragraph at lines 3--4

 []

) (./Paper_Tex_Files/Consensus_Mechanism/Background/Background.tex
Underfull \hbox (badness 10000) in paragraph at lines 2--3

 []

[31

]
Underfull \hbox (badness 10000) in paragraph at lines 9--10

 []


Underfull \hbox (badness 10000) in paragraph at lines 11--12

 []

<Figures/BTC_mining_pools_2018-10-30.png, id=426, 765.86125pt x 499.8675pt>
File: Figures/BTC_mining_pools_2018-10-30.png Graphic file (type png)
<use Figures/BTC_mining_pools_2018-10-30.png>
Package pdftex.def Info: Figures/BTC_mining_pools_2018-10-30.png  used on input
 line 14.
(pdftex.def)             Requested size: 312.9803pt x 204.27579pt.

Underfull \hbox (badness 10000) in paragraph at lines 18--19

 []


Underfull \hbox (badness 10000) in paragraph at lines 20--21

 []

[32 <./Figures/BTC_mining_pools_2018-10-30.png>]
Underfull \hbox (badness 10000) in paragraph at lines 27--28

 []


LaTeX Warning: Reference `Sec:Sca' on page 33 undefined on input line 29.


Underfull \hbox (badness 10000) in paragraph at lines 29--30

 []


Underfull \hbox (badness 10000) in paragraph at lines 31--32

 []


Underfull \hbox (badness 10000) in paragraph at lines 33--34

 []


Underfull \hbox (badness 10000) in paragraph at lines 35--36

 []


Underfull \hbox (badness 10000) in paragraph at lines 38--39

 []

[33]) (./Paper_Tex_Files/Consensus_Mechanism/Protocol/Protocol.tex
Underfull \hbox (badness 10000) in paragraph at lines 8--9

 []

[34]
<Figures/Local_Ledger_Computation.png, id=461, 1114.8852pt x 715.473pt>
File: Figures/Local_Ledger_Computation.png Graphic file (type png)
<use Figures/Local_Ledger_Computation.png>
Package pdftex.def Info: Figures/Local_Ledger_Computation.png  used on input li
ne 52.
(pdftex.def)             Requested size: 341.43306pt x 219.1087pt.

Underfull \hbox (badness 10000) in paragraph at lines 60--61

 []

[35 <./Figures/Local_Ledger_Computation.png>]
Underfull \hbox (badness 10000) in paragraph at lines 68--69

 []

[36]
<Figures/Local_Vote_Broadcast.png, id=480, 897.1116pt x 692.3466pt>
File: Figures/Local_Vote_Broadcast.png Graphic file (type png)
<use Figures/Local_Vote_Broadcast.png>
Package pdftex.def Info: Figures/Local_Vote_Broadcast.png  used on input line 9
5.
(pdftex.def)             Requested size: 341.43306pt x 263.4959pt.

Underfull \hbox (badness 10000) in paragraph at lines 109--110

 []

[37 <./Figures/Local_Vote_Broadcast.png>]
Underfull \hbox (badness 10000) in paragraph at lines 112--114

 []

[38]
<Figures/Global_Vote_Broadcast.png, id=500, 946.2552pt x 779.5524pt>
File: Figures/Global_Vote_Broadcast.png Graphic file (type png)
<use Figures/Global_Vote_Broadcast.png>
Package pdftex.def Info: Figures/Global_Vote_Broadcast.png  used on input line 
135.
(pdftex.def)             Requested size: 312.9803pt x 257.83594pt.
 [39 <./Figures/Global_Vote_Broadcast.png>]
Underfull \hbox (badness 10000) in paragraph at lines 163--164

 []


Underfull \hbox (badness 10000) in paragraph at lines 165--166

 []

<Figures/Catalyst_Cycle.png, id=511, 550.6974pt x 337.26pt>
File: Figures/Catalyst_Cycle.png Graphic file (type png)
<use Figures/Catalyst_Cycle.png>
Package pdftex.def Info: Figures/Catalyst_Cycle.png  used on input line 170.
(pdftex.def)             Requested size: 398.33858pt x 243.95401pt.
) [40 <./Figures/Catalyst_Cycle.png>]
Chapter 6.
(./Paper_Tex_Files/Sharding/Sharding.tex) [41

] [42

]
Chapter 7.
(./Paper_Tex_Files/Benchmarking/Benchmarking.tex) [43] [44

]
Chapter 8.
(./Paper_Tex_Files/Security/Security.tex)
(./Paper_Tex_Files/Security/Consensus_Mechanism_I/Consensus_Mechanism_I.tex
Underfull \hbox (badness 10000) in paragraph at lines 1--2

 []


Underfull \hbox (badness 10000) in paragraph at lines 3--4

 []


Underfull \hbox (badness 10000) in paragraph at lines 5--6

 []


Underfull \hbox (badness 10000) in paragraph at lines 9--10

 []

[45]
Underfull \hbox (badness 10000) in paragraph at lines 30--34

 []


Underfull \hbox (badness 10000) in paragraph at lines 30--34

 []


Underfull \hbox (badness 10000) in paragraph at lines 42--44

 []

[46]
Underfull \hbox (badness 10000) in paragraph at lines 45--46

 []


Underfull \hbox (badness 10000) in paragraph at lines 47--51

 []

<Figures/Prob51_vs_P_N2000_O35_to_45.png, id=554, 462.528pt x 346.896pt>
File: Figures/Prob51_vs_P_N2000_O35_to_45.png Graphic file (type png)
<use Figures/Prob51_vs_P_N2000_O35_to_45.png>
Package pdftex.def Info: Figures/Prob51_vs_P_N2000_O35_to_45.png  used on input
 line 57.
(pdftex.def)             Requested size: 216.84248pt x 162.63356pt.
<Figures/Prob51_vs_P_N5000_O35_to_45.png, id=555, 462.528pt x 346.896pt>
File: Figures/Prob51_vs_P_N5000_O35_to_45.png Graphic file (type png)
<use Figures/Prob51_vs_P_N5000_O35_to_45.png>
Package pdftex.def Info: Figures/Prob51_vs_P_N5000_O35_to_45.png  used on input
 line 64.
(pdftex.def)             Requested size: 216.84248pt x 162.63356pt.
<Figures/Prob51_vs_P_N10000_O35_to_45.png, id=556, 462.528pt x 346.896pt>
File: Figures/Prob51_vs_P_N10000_O35_to_45.png Graphic file (type png)
<use Figures/Prob51_vs_P_N10000_O35_to_45.png>
Package pdftex.def Info: Figures/Prob51_vs_P_N10000_O35_to_45.png  used on inpu
t line 71.
(pdftex.def)             Requested size: 216.84248pt x 162.63356pt.
<Figures/Prob51_vs_P_N20000_O35_to_45.png, id=557, 462.528pt x 346.896pt>
File: Figures/Prob51_vs_P_N20000_O35_to_45.png Graphic file (type png)
<use Figures/Prob51_vs_P_N20000_O35_to_45.png>
Package pdftex.def Info: Figures/Prob51_vs_P_N20000_O35_to_45.png  used on inpu
t line 78.
(pdftex.def)             Requested size: 216.84248pt x 162.63356pt.

Underfull \vbox (badness 10000) has occurred while \output is active []

 [47]
<Figures/PoN_vs_N_Thre_Prob51_10em6_O30_to_45.png, id=566, 462.528pt x 346.896p
t>
File: Figures/PoN_vs_N_Thre_Prob51_10em6_O30_to_45.png Graphic file (type png)
<use Figures/PoN_vs_N_Thre_Prob51_10em6_O30_to_45.png>
Package pdftex.def Info: Figures/PoN_vs_N_Thre_Prob51_10em6_O30_to_45.png  used
 on input line 92.
(pdftex.def)             Requested size: 216.84248pt x 162.63356pt.
<Figures/PoN_vs_N_Thre_Prob51_10em9_O30_to_45.png, id=567, 462.528pt x 346.896p
t>
File: Figures/PoN_vs_N_Thre_Prob51_10em9_O30_to_45.png Graphic file (type png)
<use Figures/PoN_vs_N_Thre_Prob51_10em9_O30_to_45.png>
Package pdftex.def Info: Figures/PoN_vs_N_Thre_Prob51_10em9_O30_to_45.png  used
 on input line 99.
(pdftex.def)             Requested size: 216.84248pt x 162.63356pt.

[48 <./Figures/Prob51_vs_P_N2000_O35_to_45.png> <./Figures/Prob51_vs_P_N5000_O3
5_to_45.png> <./Figures/Prob51_vs_P_N10000_O35_to_45.png> <./Figures/Prob51_vs_
P_N20000_O35_to_45.png> <./Figures/PoN_vs_N_Thre_Prob51_10em6_O30_to_45.png> <.
/Figures/PoN_vs_N_Thre_Prob51_10em9_O30_to_45.png>])
(./Paper_Tex_Files/Security/Consensus_Mechanism_II/Consensus_Mechanism_II.tex)
(./Paper_Tex_Files/Security/Signature_Scheme/Signature_Scheme.tex
Underfull \hbox (badness 10000) in paragraph at lines 3--4

 []


LaTeX Warning: Citation `kearney' on page 49 undefined on input line 9.


Underfull \hbox (badness 10000) in paragraph at lines 9--10

 []

) [49] [50] (./Paper_Tex_Files/Conclusion/Conclusion.tex) [51

] [52

]
Overfull \hbox (35.33131pt too wide) in paragraph at lines 214--215
[][][]$\OT1/cmtt/m/n/12 https : / / medium . com / loom-[]network / understandi
ng-[]blockchain-[]fundamentals-[]part-[]1 \
 []


Overfull \hbox (11.6313pt too wide) in paragraph at lines 217--218
[][][]$\OT1/cmtt/m/n/12 https : / / cointelegraph . com / news / the-[]inevitab
le-[]failure-[]of-[]proof-[]of-[]stake-[] \
 []


Underfull \hbox (badness 6412) in paragraph at lines 218--219
[]\OT1/cmr/m/n/12 Greg Maxwell, An-drew Poel-stra, Yan-nick Seurin and Pe-ter W
uille \OT1/cmr/m/it/12 Sim-
 []


Underfull \hbox (badness 10000) in paragraph at lines 218--219
\OT1/cmr/m/it/12 ple Schnorr Multi-Signatures with Ap-pli-ca-tions to Bit-coin 
\OT1/cmr/m/n/12 20 May 2018
 []


Underfull \hbox (badness 10000) in paragraph at lines 218--219
\OT1/cmr/m/n/12 Last Ac-cessed 08/02/19: [][]$\OT1/cmtt/m/n/12 https : / / pdfs
 . semanticscholar . org / a4da /
 []


Underfull \hbox (badness 10000) in paragraph at lines 218--219
\OT1/cmtt/m/n/12 14a4329d7bf28e2ecbf9a3e42bf1faba523e . pdf ? _ga = 2 . 1936083
01 . 1119480105 .
 []


Underfull \hbox (badness 3068) in paragraph at lines 224--225
[]\OT1/cmr/m/n/12 monero-project \OT1/cmr/m/it/12 Mon-ero: the se-cure, pri-vat
e, un-trace-able cryp-tocur-rency \OT1/cmr/m/n/12 Last
 []


Underfull \hbox (badness 10000) in paragraph at lines 224--225
\OT1/cmr/m/n/12 Ac-cessed 25/02/2019 [][]$\OT1/cmtt/m/n/12 https : / / github .
 com / monero-[]project / monero / tree /
 []

[53]
Package atveryend Info: Empty hook `BeforeClearDocument' on input line 236.
 [54]
Package atveryend Info: Empty hook `AfterLastShipout' on input line 236.
 (./Catalyst Technical Paper.aux)
Package atveryend Info: Executing hook `AtVeryEndDocument' on input line 236.
Package atveryend Info: Executing hook `AtEndAfterFileList' on input line 236.
Package rerunfilecheck Info: File `"Catalyst Technical Paper".out' has not chan
ged.
(rerunfilecheck)             Checksum: 64FD21EE20B05915CC4224C202345F69;2597.


LaTeX Warning: There were undefined references.


LaTeX Warning: There were multiply-defined labels.

Package atveryend Info: Empty hook `AtVeryVeryEnd' on input line 236.
 ) 
Here is how much of TeX's memory you used:
 9198 strings out of 492649
 140046 string characters out of 6129622
 249673 words of memory out of 5000000
 12658 multiletter control sequences out of 15000+600000
 18285 words of font info for 69 fonts, out of 8000000 for 9000
 1141 hyphenation exceptions out of 8191
 36i,14n,45p,1941b,515s stack positions out of 5000i,500n,10000p,200000b,80000s
</usr/local/texlive/2018/texmf-dist/fonts/type1/public/amsfonts/cm/cmbx12.pfb
></usr/local/texlive/2018/texmf-dist/fonts/type1/public/amsfonts/cm/cmbx8.pfb><
/usr/local/texlive/2018/texmf-dist/fonts/type1/public/amsfonts/cm/cmbxti10.pfb>
</usr/local/texlive/2018/texmf-dist/fonts/type1/public/amsfonts/cm/cmex10.pfb><
/usr/local/texlive/2018/texmf-dist/fonts/type1/public/amsfonts/cm/cmmi10.pfb></
usr/local/texlive/2018/texmf-dist/fonts/type1/public/amsfonts/cm/cmmi12.pfb></u
sr/local/texlive/2018/texmf-dist/fonts/type1/public/amsfonts/cm/cmmi6.pfb></usr
/local/texlive/2018/texmf-dist/fonts/type1/public/amsfonts/cm/cmmi8.pfb></usr/l
ocal/texlive/2018/texmf-dist/fonts/type1/public/amsfonts/cm/cmr10.pfb></usr/loc
al/texlive/2018/texmf-dist/fonts/type1/public/amsfonts/cm/cmr12.pfb></usr/local
/texlive/2018/texmf-dist/fonts/type1/public/amsfonts/cm/cmr17.pfb></usr/local/t
exlive/2018/texmf-dist/fonts/type1/public/amsfonts/cm/cmr6.pfb></usr/local/texl
ive/2018/texmf-dist/fonts/type1/public/amsfonts/cm/cmr7.pfb></usr/local/texlive
/2018/texmf-dist/fonts/type1/public/amsfonts/cm/cmr8.pfb></usr/local/texlive/20
18/texmf-dist/fonts/type1/public/amsfonts/cm/cmsl12.pfb></usr/local/texlive/201
8/texmf-dist/fonts/type1/public/amsfonts/cm/cmsy10.pfb></usr/local/texlive/2018
/texmf-dist/fonts/type1/public/amsfonts/cm/cmsy6.pfb></usr/local/texlive/2018/t
exmf-dist/fonts/type1/public/amsfonts/cm/cmsy8.pfb></usr/local/texlive/2018/tex
mf-dist/fonts/type1/public/amsfonts/cm/cmti12.pfb></usr/local/texlive/2018/texm
f-dist/fonts/type1/public/amsfonts/cm/cmtt12.pfb></usr/local/texlive/2018/texmf
-dist/fonts/type1/public/amsfonts/symbols/msbm10.pfb>
Output written on "Catalyst Technical Paper.pdf" (54 pages, 1636942 bytes).
PDF statistics:
 740 PDF objects out of 1000 (max. 8388607)
 629 compressed objects within 7 object streams
 155 named destinations out of 1000 (max. 500000)
 386 words of extra memory for PDF output out of 10000 (max. 10000000)

